==18801== Memcheck, a memory error detector
==18801== Copyright (C) 2002-2013, and GNU GPL'd, by Julian Seward et al.
==18801== Using Valgrind-3.10.1 and LibVEX; rerun with -h for copyright info
==18801== Command: ./linked2
==18801== 
Empty!
'99'->'77'->'12'->'2'->'6'->'4'->'2'->|| size:7 
'77' appears 1 timed in list
l1 size=7
remove '4' from l1 -> removed 1 times
remove '2' from l1 -> removed 2 times
'99'->'77'->'12'->'6'->|| size:4 
'99'->'77'->'12'->'2'->'6'->'4'->'2'->|| size:7 

make a mess to check everything is ok
'99'->'77'->'12'->'2'->'6'->'4'->'2'->'99'->'77'->'12'->'2'->'6'->'4'->'2'->|| size:14 
Empty!
'99'->'77'->'12'->'2'->'6'->'4'->'2'->|| size:7 
Empty!
'99'->'77'->'12'->'2'->'6'->'4'->'2'->|| size:7 
Empty!
'99'->'77'->'12'->'2'->'6'->'4'->'2'->|| size:7 
Empty!
'99'->'77'->'12'->'2'->'6'->'4'->'2'->|| size:7 
Empty!
'99'->'77'->'12'->'2'->'6'->'4'->'2'->|| size:7 
Empty!
'99'->'77'->'12'->'2'->'6'->'4'->'2'->|| size:7 
Empty!
==18801== 
==18801== HEAP SUMMARY:
==18801==     in use at exit: 0 bytes in 0 blocks
==18801==   total heap usage: 143 allocs, 143 frees, 1,338 bytes allocated
==18801== 
==18801== All heap blocks were freed -- no leaks are possible
==18801== 
==18801== For counts of detected and suppressed errors, rerun with: -v
==18801== ERROR SUMMARY: 0 errors from 0 contexts (suppressed: 0 from 0)
